c:\users\niclas\documents\visual studio 2013\projects\graphicsproject\npe\debug\vc120.pdb
c:\users\niclas\documents\visual studio 2013\projects\graphicsproject\npe\debug\vc120.idb
c:\users\niclas\documents\visual studio 2013\projects\graphicsproject\npe\debug\errorhandler.obj
c:\users\niclas\documents\visual studio 2013\projects\graphicsproject\npe\debug\filehandler.obj
c:\users\niclas\documents\visual studio 2013\projects\graphicsproject\npe\debug\glslprogram.obj
c:\users\niclas\documents\visual studio 2013\projects\graphicsproject\npe\debug\imageloader.obj
c:\users\niclas\documents\visual studio 2013\projects\graphicsproject\npe\debug\npe.obj
c:\users\niclas\documents\visual studio 2013\projects\graphicsproject\npe\debug\picopng.obj
c:\users\niclas\documents\visual studio 2013\projects\graphicsproject\npe\debug\resourcehandler.obj
c:\users\niclas\documents\visual studio 2013\projects\graphicsproject\npe\debug\sprite.obj
c:\users\niclas\documents\visual studio 2013\projects\graphicsproject\npe\debug\texturecache.obj
c:\users\niclas\documents\visual studio 2013\projects\graphicsproject\npe\debug\window.obj
c:\users\niclas\documents\visual studio 2013\projects\graphicsproject\npe\debug\camera2d.obj
c:\users\niclas\documents\visual studio 2013\projects\graphicsproject\debug\npe.lib
c:\users\niclas\documents\visual studio 2013\projects\graphicsproject\npe\debug\npe.tlog\cl.command.1.tlog
c:\users\niclas\documents\visual studio 2013\projects\graphicsproject\npe\debug\npe.tlog\cl.read.1.tlog
c:\users\niclas\documents\visual studio 2013\projects\graphicsproject\npe\debug\npe.tlog\cl.write.1.tlog
c:\users\niclas\documents\visual studio 2013\projects\graphicsproject\npe\debug\npe.tlog\lib-link.read.1.tlog
c:\users\niclas\documents\visual studio 2013\projects\graphicsproject\npe\debug\npe.tlog\lib-link.write.1.tlog
c:\users\niclas\documents\visual studio 2013\projects\graphicsproject\npe\debug\npe.tlog\lib.command.1.tlog
